<?xml version="1.0" encoding="UTF-8"?>
<!-- Generated by org.testng.reporters.JUnitReportReporter -->
<testsuite hostname="shannus-MacBook-Pro.local" failures="0" tests="1" name="Manipal.DataDriven1.ReadExcel" time="9.408" errors="0" timestamp="2024-02-28T11:40:43 IST" skipped="0">
  <testcase classname="Manipal.DataDriven1.ReadExcel" name="fblogin" time="9.408"/>
  <system-out/>
</testsuite> <!-- Manipal.DataDriven1.ReadExcel -->
